<?xml version="1.0" encoding="UTF-8"?>
<testsuite xmlns:xsi="http://www.w3.org/2001/XMLSchema-instance" xsi:noNamespaceSchemaLocation="https://maven.apache.org/surefire/maven-surefire-plugin/xsd/surefire-test-report.xsd" name="com.silverbars.marketplace.util.OrderSummaryHelperTest" time="0.01" tests="4" errors="0" skipped="0" failures="0">
  <properties>
    <property name="sun.desktop" value="gnome"/>
    <property name="awt.toolkit" value="sun.awt.X11.XToolkit"/>
    <property name="java.specification.version" value="10"/>
    <property name="file.encoding.pkg" value="sun.io"/>
    <property name="sun.cpu.isalist" value=""/>
    <property name="sun.jnu.encoding" value="UTF-8"/>
    <property name="java.class.path" value="/home/nithin/development/silver-bars/target/test-classes:/home/nithin/development/silver-bars/target/classes:/home/nithin/.m2/repository/junit/junit/4.12/junit-4.12.jar:/home/nithin/.m2/repository/org/hamcrest/hamcrest-core/1.3/hamcrest-core-1.3.jar:/home/nithin/.m2/repository/org/mockito/mockito-all/1.10.19/mockito-all-1.10.19.jar:"/>
    <property name="java.vm.vendor" value="&quot;Oracle Corporation&quot;"/>
    <property name="sun.arch.data.model" value="64"/>
    <property name="java.vendor.url" value="http://java.oracle.com/"/>
    <property name="user.timezone" value=""/>
    <property name="java.vm.specification.version" value="10"/>
    <property name="os.name" value="Linux"/>
    <property name="sun.java.launcher" value="SUN_STANDARD"/>
    <property name="user.country" value="GB"/>
    <property name="sun.boot.library.path" value="/usr/lib/jvm/java-10-oracle/lib"/>
    <property name="sun.java.command" value="/home/nithin/development/silver-bars/target/surefire/surefirebooter6976403773951166417.jar /home/nithin/development/silver-bars/target/surefire 2019-07-29T11-26-23_716-jvmRun1 surefire10100311376347733497tmp surefire_03834402726872707068tmp"/>
    <property name="jdk.debug" value="release"/>
    <property name="surefire.test.class.path" value="/home/nithin/development/silver-bars/target/test-classes:/home/nithin/development/silver-bars/target/classes:/home/nithin/.m2/repository/junit/junit/4.12/junit-4.12.jar:/home/nithin/.m2/repository/org/hamcrest/hamcrest-core/1.3/hamcrest-core-1.3.jar:/home/nithin/.m2/repository/org/mockito/mockito-all/1.10.19/mockito-all-1.10.19.jar:"/>
    <property name="sun.cpu.endian" value="little"/>
    <property name="user.home" value="/home/nithin"/>
    <property name="user.language" value="en"/>
    <property name="java.specification.vendor" value="Oracle Corporation"/>
    <property name="java.version.date" value="2018-04-17"/>
    <property name="java.home" value="/usr/lib/jvm/java-10-oracle"/>
    <property name="file.separator" value="/"/>
    <property name="basedir" value="/home/nithin/development/silver-bars"/>
    <property name="java.vm.compressedOopsMode" value="Zero based"/>
    <property name="line.separator" value="&#10;"/>
    <property name="java.specification.name" value="Java Platform API Specification"/>
    <property name="java.vm.specification.vendor" value="Oracle Corporation"/>
    <property name="java.awt.graphicsenv" value="sun.awt.X11GraphicsEnvironment"/>
    <property name="surefire.real.class.path" value="/home/nithin/development/silver-bars/target/surefire/surefirebooter6976403773951166417.jar"/>
    <property name="sun.management.compiler" value="HotSpot 64-Bit Tiered Compilers"/>
    <property name="java.runtime.version" value="10.0.1+10"/>
    <property name="user.name" value="nithin"/>
    <property name="path.separator" value=":"/>
    <property name="os.version" value="4.15.0-54-generic"/>
    <property name="java.runtime.name" value="Java(TM) SE Runtime Environment"/>
    <property name="file.encoding" value="UTF-8"/>
    <property name="java.vm.name" value="Java HotSpot(TM) 64-Bit Server VM"/>
    <property name="java.vendor.version" value="18.3"/>
    <property name="localRepository" value="/home/nithin/.m2/repository"/>
    <property name="java.vendor.url.bug" value="http://bugreport.java.com/bugreport/"/>
    <property name="java.io.tmpdir" value="/tmp"/>
    <property name="java.version" value="10.0.1"/>
    <property name="user.dir" value="/home/nithin/development/silver-bars"/>
    <property name="os.arch" value="amd64"/>
    <property name="java.vm.specification.name" value="Java Virtual Machine Specification"/>
    <property name="java.awt.printerjob" value="sun.print.PSPrinterJob"/>
    <property name="sun.os.patch.level" value="unknown"/>
    <property name="java.library.path" value="/usr/java/packages/lib:/usr/lib64:/lib64:/lib:/usr/lib"/>
    <property name="java.vendor" value="Oracle Corporation"/>
    <property name="java.vm.info" value="mixed mode"/>
    <property name="java.vm.version" value="10.0.1+10"/>
    <property name="sun.io.unicode.encoding" value="UnicodeLittle"/>
    <property name="java.class.version" value="54.0"/>
  </properties>
  <testcase name="shouldCreateSummaryForBuyOrderWithHighestPriceFirst" classname="com.silverbars.marketplace.util.OrderSummaryHelperTest" time="0.007"/>
  <testcase name="shouldCreateSummary" classname="com.silverbars.marketplace.util.OrderSummaryHelperTest" time="0"/>
  <testcase name="shouldMergeQuantity" classname="com.silverbars.marketplace.util.OrderSummaryHelperTest" time="0.001"/>
  <testcase name="shouldCreateSummaryForSellOrderWithLowestPriceFirst" classname="com.silverbars.marketplace.util.OrderSummaryHelperTest" time="0"/>
</testsuite>